05-Apr-2026 17:10:13.506 INFO [main] org.apache.catalina.startup.VersionLoggerListener.log Server version name:   Apache Tomcat/10.1.31
05-Apr-2026 17:10:13.519 INFO [main] org.apache.catalina.startup.VersionLoggerListener.log Server built:          Oct 3 2024 19:02:38 UTC
05-Apr-2026 17:10:13.520 INFO [main] org.apache.catalina.startup.VersionLoggerListener.log Server version number: 10.1.31.0
05-Apr-2026 17:10:13.520 INFO [main] org.apache.catalina.startup.VersionLoggerListener.log OS Name:               Windows 11
05-Apr-2026 17:10:13.521 INFO [main] org.apache.catalina.startup.VersionLoggerListener.log OS Version:            10.0
05-Apr-2026 17:10:13.521 INFO [main] org.apache.catalina.startup.VersionLoggerListener.log Architecture:          amd64
05-Apr-2026 17:10:13.522 INFO [main] org.apache.catalina.startup.VersionLoggerListener.log Java Home:             C:\Program Files\Java\jdk-17
05-Apr-2026 17:10:13.522 INFO [main] org.apache.catalina.startup.VersionLoggerListener.log JVM Version:           17.0.12+8-LTS-286
05-Apr-2026 17:10:13.522 INFO [main] org.apache.catalina.startup.VersionLoggerListener.log JVM Vendor:            Oracle Corporation
05-Apr-2026 17:10:13.522 INFO [main] org.apache.catalina.startup.VersionLoggerListener.log CATALINA_BASE:         C:\Users\kulka\OneDrive\Documents\JavaMailProject\JavaMailProject\.tomcat-home
05-Apr-2026 17:10:13.523 INFO [main] org.apache.catalina.startup.VersionLoggerListener.log CATALINA_HOME:         C:\Users\kulka\OneDrive\Documents\JavaMailProject\JavaMailProject\.tomcat-home
05-Apr-2026 17:10:13.549 INFO [main] org.apache.catalina.startup.VersionLoggerListener.log Command line argument: -Djava.util.logging.config.file=c:\Users\kulka\OneDrive\Documents\JavaMailProject\JavaMailProject\.tomcat-home\conf\logging.properties
05-Apr-2026 17:10:13.550 INFO [main] org.apache.catalina.startup.VersionLoggerListener.log Command line argument: -Djava.util.logging.manager=org.apache.juli.ClassLoaderLogManager
05-Apr-2026 17:10:13.550 INFO [main] org.apache.catalina.startup.VersionLoggerListener.log Command line argument: -Djdk.tls.ephemeralDHKeySize=2048
05-Apr-2026 17:10:13.550 INFO [main] org.apache.catalina.startup.VersionLoggerListener.log Command line argument: -Djava.protocol.handler.pkgs=org.apache.catalina.webresources
05-Apr-2026 17:10:13.551 INFO [main] org.apache.catalina.startup.VersionLoggerListener.log Command line argument: --add-opens=java.base/java.lang=ALL-UNNAMED
05-Apr-2026 17:10:13.551 INFO [main] org.apache.catalina.startup.VersionLoggerListener.log Command line argument: --add-opens=java.base/java.io=ALL-UNNAMED
05-Apr-2026 17:10:13.551 INFO [main] org.apache.catalina.startup.VersionLoggerListener.log Command line argument: --add-opens=java.base/java.util=ALL-UNNAMED
05-Apr-2026 17:10:13.552 INFO [main] org.apache.catalina.startup.VersionLoggerListener.log Command line argument: --add-opens=java.base/java.util.concurrent=ALL-UNNAMED
05-Apr-2026 17:10:13.552 INFO [main] org.apache.catalina.startup.VersionLoggerListener.log Command line argument: --add-opens=java.rmi/sun.rmi.transport=ALL-UNNAMED
05-Apr-2026 17:10:13.552 INFO [main] org.apache.catalina.startup.VersionLoggerListener.log Command line argument: -Dcatalina.base=c:\Users\kulka\OneDrive\Documents\JavaMailProject\JavaMailProject\.tomcat-home
05-Apr-2026 17:10:13.552 INFO [main] org.apache.catalina.startup.VersionLoggerListener.log Command line argument: -Dcatalina.home=c:\Users\kulka\OneDrive\Documents\JavaMailProject\JavaMailProject\.tomcat-home
05-Apr-2026 17:10:13.552 INFO [main] org.apache.catalina.startup.VersionLoggerListener.log Command line argument: -Djava.io.tmpdir=c:\Users\kulka\OneDrive\Documents\JavaMailProject\JavaMailProject\.tomcat-home\temp
05-Apr-2026 17:10:13.559 INFO [main] org.apache.catalina.core.AprLifecycleListener.lifecycleEvent Loaded Apache Tomcat Native library [2.0.8] using APR version [1.7.4].
05-Apr-2026 17:10:13.582 INFO [main] org.apache.catalina.core.AprLifecycleListener.initializeSSL OpenSSL successfully initialized [OpenSSL 3.0.14 4 Jun 2024]
05-Apr-2026 17:10:14.121 INFO [main] org.apache.coyote.AbstractProtocol.init Initializing ProtocolHandler ["http-nio-8080"]
05-Apr-2026 17:10:14.193 INFO [main] org.apache.catalina.startup.Catalina.load Server initialization in [1007] milliseconds
05-Apr-2026 17:10:14.508 INFO [main] org.apache.catalina.core.StandardService.startInternal Starting service [Catalina]
05-Apr-2026 17:10:14.509 INFO [main] org.apache.catalina.core.StandardEngine.startInternal Starting Servlet engine: [Apache Tomcat/10.1.31]
05-Apr-2026 17:10:14.569 INFO [main] org.apache.catalina.startup.HostConfig.deployWAR Deploying web application archive [C:\Users\kulka\OneDrive\Documents\JavaMailProject\JavaMailProject\.tomcat-home\webapps\JavaMailApp.war]
05-Apr-2026 17:10:18.221 INFO [main] org.apache.jasper.servlet.TldScanner.scanJars At least one JAR was scanned for TLDs yet contained no TLDs. Enable debug logging for this logger for a complete list of JARs that were scanned but no TLDs were found in them. Skipping unneeded JARs during scanning can improve startup time and JSP compilation time.
05-Apr-2026 17:10:18.584 WARNING [main] org.apache.catalina.util.SessionIdGeneratorBase.createSecureRandom Creation of SecureRandom instance for session ID generation using [SHA1PRNG] took [123] milliseconds.
05-Apr-2026 17:10:18.635 INFO [main] org.apache.catalina.startup.HostConfig.deployWAR Deployment of web application archive [C:\Users\kulka\OneDrive\Documents\JavaMailProject\JavaMailProject\.tomcat-home\webapps\JavaMailApp.war] has finished in [4,066] ms
05-Apr-2026 17:10:18.636 INFO [main] org.apache.catalina.startup.HostConfig.deployDirectory Deploying web application directory [C:\Users\kulka\OneDrive\Documents\JavaMailProject\JavaMailProject\.tomcat-home\webapps\docs]
05-Apr-2026 17:10:18.708 INFO [main] org.apache.catalina.startup.HostConfig.deployDirectory Deployment of web application directory [C:\Users\kulka\OneDrive\Documents\JavaMailProject\JavaMailProject\.tomcat-home\webapps\docs] has finished in [72] ms
05-Apr-2026 17:10:18.710 INFO [main] org.apache.catalina.startup.HostConfig.deployDirectory Deploying web application directory [C:\Users\kulka\OneDrive\Documents\JavaMailProject\JavaMailProject\.tomcat-home\webapps\examples]
05-Apr-2026 17:10:19.698 INFO [main] org.apache.catalina.startup.HostConfig.deployDirectory Deployment of web application directory [C:\Users\kulka\OneDrive\Documents\JavaMailProject\JavaMailProject\.tomcat-home\webapps\examples] has finished in [987] ms
05-Apr-2026 17:10:19.699 INFO [main] org.apache.catalina.startup.HostConfig.deployDirectory Deploying web application directory [C:\Users\kulka\OneDrive\Documents\JavaMailProject\JavaMailProject\.tomcat-home\webapps\host-manager]
05-Apr-2026 17:10:19.867 INFO [main] org.apache.catalina.startup.HostConfig.deployDirectory Deployment of web application directory [C:\Users\kulka\OneDrive\Documents\JavaMailProject\JavaMailProject\.tomcat-home\webapps\host-manager] has finished in [167] ms
05-Apr-2026 17:10:19.869 INFO [main] org.apache.catalina.startup.HostConfig.deployDirectory Deploying web application directory [C:\Users\kulka\OneDrive\Documents\JavaMailProject\JavaMailProject\.tomcat-home\webapps\manager]
05-Apr-2026 17:10:19.960 INFO [main] org.apache.catalina.startup.HostConfig.deployDirectory Deployment of web application directory [C:\Users\kulka\OneDrive\Documents\JavaMailProject\JavaMailProject\.tomcat-home\webapps\manager] has finished in [92] ms
05-Apr-2026 17:10:19.961 INFO [main] org.apache.catalina.startup.HostConfig.deployDirectory Deploying web application directory [C:\Users\kulka\OneDrive\Documents\JavaMailProject\JavaMailProject\.tomcat-home\webapps\ROOT]
05-Apr-2026 17:10:20.012 INFO [main] org.apache.catalina.startup.HostConfig.deployDirectory Deployment of web application directory [C:\Users\kulka\OneDrive\Documents\JavaMailProject\JavaMailProject\.tomcat-home\webapps\ROOT] has finished in [50] ms
05-Apr-2026 17:10:20.019 INFO [main] org.apache.coyote.AbstractProtocol.start Starting ProtocolHandler ["http-nio-8080"]
05-Apr-2026 17:10:20.202 INFO [main] org.apache.catalina.startup.Catalina.start Server startup in [6008] milliseconds
05-Apr-2026 17:13:32.072 INFO [main] org.apache.catalina.core.StandardServer.await A valid shutdown command was received via the shutdown port. Stopping the Server instance.
05-Apr-2026 17:13:32.073 INFO [main] org.apache.coyote.AbstractProtocol.pause Pausing ProtocolHandler ["http-nio-8080"]
05-Apr-2026 17:13:32.196 INFO [main] org.apache.catalina.core.StandardService.stopInternal Stopping service [Catalina]
05-Apr-2026 17:13:32.259 INFO [main] org.apache.coyote.AbstractProtocol.stop Stopping ProtocolHandler ["http-nio-8080"]
05-Apr-2026 17:13:32.264 INFO [main] org.apache.coyote.AbstractProtocol.destroy Destroying ProtocolHandler ["http-nio-8080"]
05-Apr-2026 17:13:36.871 INFO [main] org.apache.catalina.startup.VersionLoggerListener.log Server version name:   Apache Tomcat/10.1.31
05-Apr-2026 17:13:36.878 INFO [main] org.apache.catalina.startup.VersionLoggerListener.log Server built:          Oct 3 2024 19:02:38 UTC
05-Apr-2026 17:13:36.880 INFO [main] org.apache.catalina.startup.VersionLoggerListener.log Server version number: 10.1.31.0
05-Apr-2026 17:13:36.880 INFO [main] org.apache.catalina.startup.VersionLoggerListener.log OS Name:               Windows 11
05-Apr-2026 17:13:36.881 INFO [main] org.apache.catalina.startup.VersionLoggerListener.log OS Version:            10.0
05-Apr-2026 17:13:36.881 INFO [main] org.apache.catalina.startup.VersionLoggerListener.log Architecture:          amd64
05-Apr-2026 17:13:36.881 INFO [main] org.apache.catalina.startup.VersionLoggerListener.log Java Home:             C:\Program Files\Java\jdk-17
05-Apr-2026 17:13:36.882 INFO [main] org.apache.catalina.startup.VersionLoggerListener.log JVM Version:           17.0.12+8-LTS-286
05-Apr-2026 17:13:36.882 INFO [main] org.apache.catalina.startup.VersionLoggerListener.log JVM Vendor:            Oracle Corporation
05-Apr-2026 17:13:36.882 INFO [main] org.apache.catalina.startup.VersionLoggerListener.log CATALINA_BASE:         C:\Users\kulka\OneDrive\Documents\JavaMailProject\JavaMailProject\.tomcat-home
05-Apr-2026 17:13:36.883 INFO [main] org.apache.catalina.startup.VersionLoggerListener.log CATALINA_HOME:         C:\Users\kulka\OneDrive\Documents\JavaMailProject\JavaMailProject\.tomcat-home
05-Apr-2026 17:13:36.897 INFO [main] org.apache.catalina.startup.VersionLoggerListener.log Command line argument: -Djava.util.logging.config.file=c:\Users\kulka\OneDrive\Documents\JavaMailProject\JavaMailProject\.tomcat-home\conf\logging.properties
05-Apr-2026 17:13:36.897 INFO [main] org.apache.catalina.startup.VersionLoggerListener.log Command line argument: -Djava.util.logging.manager=org.apache.juli.ClassLoaderLogManager
05-Apr-2026 17:13:36.898 INFO [main] org.apache.catalina.startup.VersionLoggerListener.log Command line argument: -Djdk.tls.ephemeralDHKeySize=2048
05-Apr-2026 17:13:36.898 INFO [main] org.apache.catalina.startup.VersionLoggerListener.log Command line argument: -Djava.protocol.handler.pkgs=org.apache.catalina.webresources
05-Apr-2026 17:13:36.898 INFO [main] org.apache.catalina.startup.VersionLoggerListener.log Command line argument: --add-opens=java.base/java.lang=ALL-UNNAMED
05-Apr-2026 17:13:36.898 INFO [main] org.apache.catalina.startup.VersionLoggerListener.log Command line argument: --add-opens=java.base/java.io=ALL-UNNAMED
05-Apr-2026 17:13:36.899 INFO [main] org.apache.catalina.startup.VersionLoggerListener.log Command line argument: --add-opens=java.base/java.util=ALL-UNNAMED
05-Apr-2026 17:13:36.899 INFO [main] org.apache.catalina.startup.VersionLoggerListener.log Command line argument: --add-opens=java.base/java.util.concurrent=ALL-UNNAMED
05-Apr-2026 17:13:36.899 INFO [main] org.apache.catalina.startup.VersionLoggerListener.log Command line argument: --add-opens=java.rmi/sun.rmi.transport=ALL-UNNAMED
05-Apr-2026 17:13:36.900 INFO [main] org.apache.catalina.startup.VersionLoggerListener.log Command line argument: -Dcatalina.base=c:\Users\kulka\OneDrive\Documents\JavaMailProject\JavaMailProject\.tomcat-home
05-Apr-2026 17:13:36.900 INFO [main] org.apache.catalina.startup.VersionLoggerListener.log Command line argument: -Dcatalina.home=c:\Users\kulka\OneDrive\Documents\JavaMailProject\JavaMailProject\.tomcat-home
05-Apr-2026 17:13:36.900 INFO [main] org.apache.catalina.startup.VersionLoggerListener.log Command line argument: -Djava.io.tmpdir=c:\Users\kulka\OneDrive\Documents\JavaMailProject\JavaMailProject\.tomcat-home\temp
05-Apr-2026 17:13:36.904 INFO [main] org.apache.catalina.core.AprLifecycleListener.lifecycleEvent Loaded Apache Tomcat Native library [2.0.8] using APR version [1.7.4].
05-Apr-2026 17:13:36.913 INFO [main] org.apache.catalina.core.AprLifecycleListener.initializeSSL OpenSSL successfully initialized [OpenSSL 3.0.14 4 Jun 2024]
05-Apr-2026 17:13:37.284 INFO [main] org.apache.coyote.AbstractProtocol.init Initializing ProtocolHandler ["http-nio-8080"]
05-Apr-2026 17:13:37.340 INFO [main] org.apache.catalina.startup.Catalina.load Server initialization in [741] milliseconds
05-Apr-2026 17:13:37.441 INFO [main] org.apache.catalina.core.StandardService.startInternal Starting service [Catalina]
05-Apr-2026 17:13:37.442 INFO [main] org.apache.catalina.core.StandardEngine.startInternal Starting Servlet engine: [Apache Tomcat/10.1.31]
05-Apr-2026 17:13:37.478 INFO [main] org.apache.catalina.startup.HostConfig.deployWAR Deploying web application archive [C:\Users\kulka\OneDrive\Documents\JavaMailProject\JavaMailProject\.tomcat-home\webapps\JavaMailApp.war]
05-Apr-2026 17:13:39.621 INFO [main] org.apache.jasper.servlet.TldScanner.scanJars At least one JAR was scanned for TLDs yet contained no TLDs. Enable debug logging for this logger for a complete list of JARs that were scanned but no TLDs were found in them. Skipping unneeded JARs during scanning can improve startup time and JSP compilation time.
05-Apr-2026 17:13:39.875 INFO [main] org.apache.catalina.startup.HostConfig.deployWAR Deployment of web application archive [C:\Users\kulka\OneDrive\Documents\JavaMailProject\JavaMailProject\.tomcat-home\webapps\JavaMailApp.war] has finished in [2,396] ms
05-Apr-2026 17:13:39.877 INFO [main] org.apache.catalina.startup.HostConfig.deployDirectory Deploying web application directory [C:\Users\kulka\OneDrive\Documents\JavaMailProject\JavaMailProject\.tomcat-home\webapps\docs]
05-Apr-2026 17:13:39.960 INFO [main] org.apache.catalina.startup.HostConfig.deployDirectory Deployment of web application directory [C:\Users\kulka\OneDrive\Documents\JavaMailProject\JavaMailProject\.tomcat-home\webapps\docs] has finished in [82] ms
05-Apr-2026 17:13:39.961 INFO [main] org.apache.catalina.startup.HostConfig.deployDirectory Deploying web application directory [C:\Users\kulka\OneDrive\Documents\JavaMailProject\JavaMailProject\.tomcat-home\webapps\examples]
05-Apr-2026 17:13:40.655 INFO [main] org.apache.catalina.startup.HostConfig.deployDirectory Deployment of web application directory [C:\Users\kulka\OneDrive\Documents\JavaMailProject\JavaMailProject\.tomcat-home\webapps\examples] has finished in [695] ms
05-Apr-2026 17:13:40.656 INFO [main] org.apache.catalina.startup.HostConfig.deployDirectory Deploying web application directory [C:\Users\kulka\OneDrive\Documents\JavaMailProject\JavaMailProject\.tomcat-home\webapps\host-manager]
05-Apr-2026 17:13:40.716 INFO [main] org.apache.catalina.startup.HostConfig.deployDirectory Deployment of web application directory [C:\Users\kulka\OneDrive\Documents\JavaMailProject\JavaMailProject\.tomcat-home\webapps\host-manager] has finished in [59] ms
05-Apr-2026 17:13:40.716 INFO [main] org.apache.catalina.startup.HostConfig.deployDirectory Deploying web application directory [C:\Users\kulka\OneDrive\Documents\JavaMailProject\JavaMailProject\.tomcat-home\webapps\manager]
05-Apr-2026 17:13:40.769 INFO [main] org.apache.catalina.startup.HostConfig.deployDirectory Deployment of web application directory [C:\Users\kulka\OneDrive\Documents\JavaMailProject\JavaMailProject\.tomcat-home\webapps\manager] has finished in [53] ms
05-Apr-2026 17:13:40.769 INFO [main] org.apache.catalina.startup.HostConfig.deployDirectory Deploying web application directory [C:\Users\kulka\OneDrive\Documents\JavaMailProject\JavaMailProject\.tomcat-home\webapps\ROOT]
05-Apr-2026 17:13:40.808 INFO [main] org.apache.catalina.startup.HostConfig.deployDirectory Deployment of web application directory [C:\Users\kulka\OneDrive\Documents\JavaMailProject\JavaMailProject\.tomcat-home\webapps\ROOT] has finished in [38] ms
05-Apr-2026 17:13:40.817 INFO [main] org.apache.coyote.AbstractProtocol.start Starting ProtocolHandler ["http-nio-8080"]
05-Apr-2026 17:13:40.873 INFO [main] org.apache.catalina.startup.Catalina.start Server startup in [3531] milliseconds
